0 info it worked if it ends with ok
1 verbose cli [ '/home/riteshs/.nvm/versions/io.js/v2.5.0/bin/iojs',
1 verbose cli   '/home/riteshs/.nvm/versions/io.js/v2.5.0/bin/npm',
1 verbose cli   'run',
1 verbose cli   'dev' ]
2 info using npm@2.13.2
3 info using node@v2.5.0
4 verbose stack Error: ENOENT: no such file or directory, open '/home/riteshs/GarudAI/package.json'
4 verbose stack     at Error (native)
5 verbose cwd /home/riteshs/GarudAI
6 error Linux 6.8.0-106-generic
7 error argv "/home/riteshs/.nvm/versions/io.js/v2.5.0/bin/iojs" "/home/riteshs/.nvm/versions/io.js/v2.5.0/bin/npm" "run" "dev"
8 error node v2.5.0
9 error npm  v2.13.2
10 error path /home/riteshs/GarudAI/package.json
11 error code ENOENT
12 error errno -2
13 error syscall open
14 error enoent ENOENT: no such file or directory, open '/home/riteshs/GarudAI/package.json'
14 error enoent This is most likely not a problem with npm itself
14 error enoent and is related to npm not being able to find a file.
15 verbose exit [ -2, true ]
